c:\users\pei\documents\visual studio 2015\cmake_project\hci557_multi_texture.dir\debug\vc120.pdb
c:\users\pei\documents\visual studio 2015\cmake_project\hci557_multi_texture.dir\debug\camera.obj
c:\users\pei\documents\visual studio 2015\cmake_project\hci557_multi_texture.dir\debug\glappearance.obj
c:\users\pei\documents\visual studio 2015\cmake_project\hci557_multi_texture.dir\debug\texture.obj
c:\users\pei\documents\visual studio 2015\cmake_project\hci557_multi_texture.dir\debug\plane3d.obj
c:\users\pei\documents\visual studio 2015\cmake_project\hci557_multi_texture.dir\debug\shaders.obj
c:\users\pei\documents\visual studio 2015\cmake_project\hci557_multi_texture.dir\debug\glsphere.obj
c:\users\pei\documents\visual studio 2015\cmake_project\hci557_multi_texture.dir\debug\globject.obj
c:\users\pei\documents\visual studio 2015\cmake_project\hci557_multi_texture.dir\debug\coordsystem.obj
c:\users\pei\documents\visual studio 2015\cmake_project\hci557_multi_texture.dir\debug\controls.obj
c:\users\pei\documents\visual studio 2015\cmake_project\hci557_multi_texture.dir\debug\hci557common.obj
c:\users\pei\documents\visual studio 2015\cmake_project\hci557_multi_texture.dir\debug\main_multi_texture.obj
c:\users\pei\documents\visual studio 2015\cmake_project\cmakefiles\generate.stamp
c:\users\pei\documents\visual studio 2015\cmake_project\debug\hci557_multi_texture.ilk
c:\users\pei\documents\visual studio 2015\cmake_project\debug\hci557_multi_texture.exe
c:\users\pei\documents\visual studio 2015\cmake_project\debug\hci557_multi_texture.pdb
c:\users\pei\documents\visual studio 2015\cmake_project\hci557_multi_texture.dir\debug\hci557_m.7ea893ae.tlog\cl.command.1.tlog
c:\users\pei\documents\visual studio 2015\cmake_project\hci557_multi_texture.dir\debug\hci557_m.7ea893ae.tlog\cl.read.1.tlog
c:\users\pei\documents\visual studio 2015\cmake_project\hci557_multi_texture.dir\debug\hci557_m.7ea893ae.tlog\cl.write.1.tlog
c:\users\pei\documents\visual studio 2015\cmake_project\hci557_multi_texture.dir\debug\hci557_m.7ea893ae.tlog\custombuild.command.1.tlog
c:\users\pei\documents\visual studio 2015\cmake_project\hci557_multi_texture.dir\debug\hci557_m.7ea893ae.tlog\custombuild.read.1.tlog
c:\users\pei\documents\visual studio 2015\cmake_project\hci557_multi_texture.dir\debug\hci557_m.7ea893ae.tlog\custombuild.write.1.tlog
c:\users\pei\documents\visual studio 2015\cmake_project\hci557_multi_texture.dir\debug\hci557_m.7ea893ae.tlog\link.command.1.tlog
c:\users\pei\documents\visual studio 2015\cmake_project\hci557_multi_texture.dir\debug\hci557_m.7ea893ae.tlog\link.read.1.tlog
c:\users\pei\documents\visual studio 2015\cmake_project\hci557_multi_texture.dir\debug\hci557_m.7ea893ae.tlog\link.write.1.tlog
